CRITICAL - 2022-11-20 00:54:29 --> Undefined variable $tampilGeojson
in APPPATH\Views\_Layout\_template\_admin\jsLeaflet.php on line 53.
 1 APPPATH\Views\_Layout\_template\_admin\jsLeaflet.php(53): CodeIgniter\Debug\Exceptions->errorHandler(2, 'Undefined variable $tampilGeojson', 'APPPATH\\Views\\_Layout\\_template\\_admin\\jsLeaflet.php', 53)
 2 SYSTEMPATH\View\View.php(213): include('APPPATH\\Views\\_Layout\\_template\\_admin\\jsLeaflet.php')
 3 SYSTEMPATH\View\View.php(216): CodeIgniter\View\View->CodeIgniter\View\{closure}()
 4 SYSTEMPATH\View\View.php(431): CodeIgniter\View\View->render('_Layout/_template/_admin/jsLeaflet', null, true)
 5 APPPATH\Views\_Layout\_template\_admin\templateSekolahData.php(157): CodeIgniter\View\View->include('_Layout/_template/_admin/jsLeaflet')
 6 SYSTEMPATH\View\View.php(213): include('APPPATH\\Views\\_Layout\\_template\\_admin\\templateSekolahData.php')
 7 SYSTEMPATH\View\View.php(216): CodeIgniter\View\View->CodeIgniter\View\{closure}()
 8 SYSTEMPATH\View\View.php(229): CodeIgniter\View\View->render('_Layout/_template/_admin/templateSekolahData', [], true)
 9 SYSTEMPATH\Common.php(1134): CodeIgniter\View\View->render('admin/tambahSekolah', [], true)
10 APPPATH\Controllers\Admin.php(254): view('admin/tambahSekolah', [...])
11 SYSTEMPATH\CodeIgniter.php(927): App\Controllers\Admin->tambahSekolah()
12 SYSTEMPATH\CodeIgniter.php(482): CodeIgniter\CodeIgniter->runController(Object(App\Controllers\Admin))
13 SYSTEMPATH\CodeIgniter.php(351): CodeIgniter\CodeIgniter->handleRequest(null, Object(Config\Cache), false)
14 FCPATH\index.php(67): CodeIgniter\CodeIgniter->run()
15 SYSTEMPATH\Commands\Server\rewrite.php(46): require_once('FCPATH\\index.php')
CRITICAL - 2022-11-20 00:56:52 --> Too few arguments to function App\Controllers\Admin::editSekolah(), 0 passed in F:\WEB\XAMPP\htdocs\WebGis_sekolah\vendor\codeigniter4\framework\system\CodeIgniter.php on line 927 and exactly 1 expected
in APPPATH\Controllers\Admin.php on line 256.
 1 SYSTEMPATH\CodeIgniter.php(927): App\Controllers\Admin->editSekolah()
 2 SYSTEMPATH\CodeIgniter.php(482): CodeIgniter\CodeIgniter->runController(Object(App\Controllers\Admin))
 3 SYSTEMPATH\CodeIgniter.php(351): CodeIgniter\CodeIgniter->handleRequest(null, Object(Config\Cache), false)
 4 FCPATH\index.php(67): CodeIgniter\CodeIgniter->run()
 5 SYSTEMPATH\Commands\Server\rewrite.php(46): require_once('FCPATH\\index.php')
CRITICAL - 2022-11-20 00:57:09 --> Call to undefined method App\Models\ModelGeojson::callSekolah
in SYSTEMPATH\Model.php on line 774.
 1 APPPATH\Controllers\Admin.php(262): CodeIgniter\Model->__call('callSekolah', [...])
 2 SYSTEMPATH\CodeIgniter.php(927): App\Controllers\Admin->editSekolah('13')
 3 SYSTEMPATH\CodeIgniter.php(482): CodeIgniter\CodeIgniter->runController(Object(App\Controllers\Admin))
 4 SYSTEMPATH\CodeIgniter.php(351): CodeIgniter\CodeIgniter->handleRequest(null, Object(Config\Cache), false)
 5 FCPATH\index.php(67): CodeIgniter\CodeIgniter->run()
 6 SYSTEMPATH\Commands\Server\rewrite.php(46): require_once('FCPATH\\index.php')
CRITICAL - 2022-11-20 00:57:21 --> Undefined variable $updateGeojson
in APPPATH\Views\admin\updateGeojson.php on line 29.
 1 APPPATH\Views\admin\updateGeojson.php(29): CodeIgniter\Debug\Exceptions->errorHandler(2, 'Undefined variable $updateGeojson', 'APPPATH\\Views\\admin\\updateGeojson.php', 29)
 2 SYSTEMPATH\View\View.php(213): include('APPPATH\\Views\\admin\\updateGeojson.php')
 3 SYSTEMPATH\View\View.php(216): CodeIgniter\View\View->CodeIgniter\View\{closure}()
 4 SYSTEMPATH\Common.php(1134): CodeIgniter\View\View->render('admin/updateGeojson', [], true)
 5 APPPATH\Controllers\Admin.php(268): view('admin/updateGeojson', [...])
 6 SYSTEMPATH\CodeIgniter.php(927): App\Controllers\Admin->editSekolah('13')
 7 SYSTEMPATH\CodeIgniter.php(482): CodeIgniter\CodeIgniter->runController(Object(App\Controllers\Admin))
 8 SYSTEMPATH\CodeIgniter.php(351): CodeIgniter\CodeIgniter->handleRequest(null, Object(Config\Cache), false)
 9 FCPATH\index.php(67): CodeIgniter\CodeIgniter->run()
10 SYSTEMPATH\Commands\Server\rewrite.php(46): require_once('FCPATH\\index.php')
CRITICAL - 2022-11-20 01:00:02 --> Attempt to read property "id" on null
in APPPATH\Views\admin\updateGeojson.php on line 29.
 1 APPPATH\Views\admin\updateGeojson.php(29): CodeIgniter\Debug\Exceptions->errorHandler(2, 'Attempt to read property "id" on null', 'APPPATH\\Views\\admin\\updateGeojson.php', 29)
 2 SYSTEMPATH\View\View.php(213): include('APPPATH\\Views\\admin\\updateGeojson.php')
 3 SYSTEMPATH\View\View.php(216): CodeIgniter\View\View->CodeIgniter\View\{closure}()
 4 SYSTEMPATH\Common.php(1134): CodeIgniter\View\View->render('admin/updateGeojson', [], true)
 5 APPPATH\Controllers\Admin.php(123): view('admin/updateGeojson', [...])
 6 SYSTEMPATH\CodeIgniter.php(927): App\Controllers\Admin->editGeojson('13')
 7 SYSTEMPATH\CodeIgniter.php(482): CodeIgniter\CodeIgniter->runController(Object(App\Controllers\Admin))
 8 SYSTEMPATH\CodeIgniter.php(351): CodeIgniter\CodeIgniter->handleRequest(null, Object(Config\Cache), false)
 9 FCPATH\index.php(67): CodeIgniter\CodeIgniter->run()
10 SYSTEMPATH\Commands\Server\rewrite.php(46): require_once('FCPATH\\index.php')
CRITICAL - 2022-11-20 01:00:46 --> Undefined variable $updateGeojson
in APPPATH\Views\admin\updateGeojson.php on line 29.
 1 APPPATH\Views\admin\updateGeojson.php(29): CodeIgniter\Debug\Exceptions->errorHandler(2, 'Undefined variable $updateGeojson', 'APPPATH\\Views\\admin\\updateGeojson.php', 29)
 2 SYSTEMPATH\View\View.php(213): include('APPPATH\\Views\\admin\\updateGeojson.php')
 3 SYSTEMPATH\View\View.php(216): CodeIgniter\View\View->CodeIgniter\View\{closure}()
 4 SYSTEMPATH\Common.php(1134): CodeIgniter\View\View->render('admin/updateGeojson', [], true)
 5 APPPATH\Controllers\Admin.php(268): view('admin/updateGeojson', [...])
 6 SYSTEMPATH\CodeIgniter.php(927): App\Controllers\Admin->editSekolah('13')
 7 SYSTEMPATH\CodeIgniter.php(482): CodeIgniter\CodeIgniter->runController(Object(App\Controllers\Admin))
 8 SYSTEMPATH\CodeIgniter.php(351): CodeIgniter\CodeIgniter->handleRequest(null, Object(Config\Cache), false)
 9 FCPATH\index.php(67): CodeIgniter\CodeIgniter->run()
10 SYSTEMPATH\Commands\Server\rewrite.php(46): require_once('FCPATH\\index.php')
CRITICAL - 2022-11-20 01:01:21 --> Undefined variable $id
in APPPATH\Controllers\Admin.php on line 265.
 1 APPPATH\Controllers\Admin.php(265): CodeIgniter\Debug\Exceptions->errorHandler(2, 'Undefined variable $id', 'APPPATH\\Controllers\\Admin.php', 265)
 2 SYSTEMPATH\CodeIgniter.php(927): App\Controllers\Admin->editSekolah('13')
 3 SYSTEMPATH\CodeIgniter.php(482): CodeIgniter\CodeIgniter->runController(Object(App\Controllers\Admin))
 4 SYSTEMPATH\CodeIgniter.php(351): CodeIgniter\CodeIgniter->handleRequest(null, Object(Config\Cache), false)
 5 FCPATH\index.php(67): CodeIgniter\CodeIgniter->run()
 6 SYSTEMPATH\Commands\Server\rewrite.php(46): require_once('FCPATH\\index.php')
CRITICAL - 2022-11-20 01:01:31 --> Attempt to read property "id" on null
in APPPATH\Views\admin\updateGeojson.php on line 29.
 1 APPPATH\Views\admin\updateGeojson.php(29): CodeIgniter\Debug\Exceptions->errorHandler(2, 'Attempt to read property "id" on null', 'APPPATH\\Views\\admin\\updateGeojson.php', 29)
 2 SYSTEMPATH\View\View.php(213): include('APPPATH\\Views\\admin\\updateGeojson.php')
 3 SYSTEMPATH\View\View.php(216): CodeIgniter\View\View->CodeIgniter\View\{closure}()
 4 SYSTEMPATH\Common.php(1134): CodeIgniter\View\View->render('admin/updateGeojson', [], true)
 5 APPPATH\Controllers\Admin.php(268): view('admin/updateGeojson', [...])
 6 SYSTEMPATH\CodeIgniter.php(927): App\Controllers\Admin->editSekolah('13')
 7 SYSTEMPATH\CodeIgniter.php(482): CodeIgniter\CodeIgniter->runController(Object(App\Controllers\Admin))
 8 SYSTEMPATH\CodeIgniter.php(351): CodeIgniter\CodeIgniter->handleRequest(null, Object(Config\Cache), false)
 9 FCPATH\index.php(67): CodeIgniter\CodeIgniter->run()
10 SYSTEMPATH\Commands\Server\rewrite.php(46): require_once('FCPATH\\index.php')
CRITICAL - 2022-11-20 01:07:38 --> Undefined array key 2
in APPPATH\Views\admin\updateSekolah.php on line 79.
 1 APPPATH\Views\admin\updateSekolah.php(79): CodeIgniter\Debug\Exceptions->errorHandler(2, 'Undefined array key 2', 'APPPATH\\Views\\admin\\updateSekolah.php', 79)
 2 SYSTEMPATH\View\View.php(213): include('APPPATH\\Views\\admin\\updateSekolah.php')
 3 SYSTEMPATH\View\View.php(216): CodeIgniter\View\View->CodeIgniter\View\{closure}()
 4 SYSTEMPATH\Common.php(1134): CodeIgniter\View\View->render('admin/updateSekolah', [], true)
 5 APPPATH\Controllers\Admin.php(268): view('admin/updateSekolah', [...])
 6 SYSTEMPATH\CodeIgniter.php(927): App\Controllers\Admin->editSekolah('13')
 7 SYSTEMPATH\CodeIgniter.php(482): CodeIgniter\CodeIgniter->runController(Object(App\Controllers\Admin))
 8 SYSTEMPATH\CodeIgniter.php(351): CodeIgniter\CodeIgniter->handleRequest(null, Object(Config\Cache), false)
 9 FCPATH\index.php(67): CodeIgniter\CodeIgniter->run()
10 SYSTEMPATH\Commands\Server\rewrite.php(46): require_once('FCPATH\\index.php')
CRITICAL - 2022-11-20 01:07:53 --> Undefined array key 4
in APPPATH\Views\admin\updateSekolah.php on line 79.
 1 APPPATH\Views\admin\updateSekolah.php(79): CodeIgniter\Debug\Exceptions->errorHandler(2, 'Undefined array key 4', 'APPPATH\\Views\\admin\\updateSekolah.php', 79)
 2 SYSTEMPATH\View\View.php(213): include('APPPATH\\Views\\admin\\updateSekolah.php')
 3 SYSTEMPATH\View\View.php(216): CodeIgniter\View\View->CodeIgniter\View\{closure}()
 4 SYSTEMPATH\Common.php(1134): CodeIgniter\View\View->render('admin/updateSekolah', [], true)
 5 APPPATH\Controllers\Admin.php(268): view('admin/updateSekolah', [...])
 6 SYSTEMPATH\CodeIgniter.php(927): App\Controllers\Admin->editSekolah('13')
 7 SYSTEMPATH\CodeIgniter.php(482): CodeIgniter\CodeIgniter->runController(Object(App\Controllers\Admin))
 8 SYSTEMPATH\CodeIgniter.php(351): CodeIgniter\CodeIgniter->handleRequest(null, Object(Config\Cache), false)
 9 FCPATH\index.php(67): CodeIgniter\CodeIgniter->run()
10 SYSTEMPATH\Commands\Server\rewrite.php(46): require_once('FCPATH\\index.php')
