ERROR - 2022-11-19 09:17:44 --> mysqli_sql_exception: Column 'coordinate' cannot be null in F:\WEB\XAMPP\htdocs\WebGis_sekolah\vendor\codeigniter4\framework\system\Database\MySQLi\Connection.php:292
Stack trace:
#0 F:\WEB\XAMPP\htdocs\WebGis_sekolah\vendor\codeigniter4\framework\system\Database\MySQLi\Connection.php(292): mysqli->query('INSERT INTO `tb...', 0)
#1 F:\WEB\XAMPP\htdocs\WebGis_sekolah\vendor\codeigniter4\framework\system\Database\BaseConnection.php(666): CodeIgniter\Database\MySQLi\Connection->execute('INSERT INTO `tb...')
#2 F:\WEB\XAMPP\htdocs\WebGis_sekolah\vendor\codeigniter4\framework\system\Database\BaseConnection.php(593): CodeIgniter\Database\BaseConnection->simpleQuery('INSERT INTO `tb...')
#3 F:\WEB\XAMPP\htdocs\WebGis_sekolah\vendor\codeigniter4\framework\system\Database\BaseBuilder.php(1916): CodeIgniter\Database\BaseConnection->query('INSERT INTO `tb...', Array, false)
#4 F:\WEB\XAMPP\htdocs\WebGis_sekolah\app\Models\ModelSekolah.php(37): CodeIgniter\Database\BaseBuilder->insert(Array)
#5 F:\WEB\XAMPP\htdocs\WebGis_sekolah\app\Controllers\Admin.php(289): App\Models\ModelSekolah->addSekolah(Array)
#6 F:\WEB\XAMPP\htdocs\WebGis_sekolah\vendor\codeigniter4\framework\system\CodeIgniter.php(927): App\Controllers\Admin->tambah_Sekolah()
#7 F:\WEB\XAMPP\htdocs\WebGis_sekolah\vendor\codeigniter4\framework\system\CodeIgniter.php(482): CodeIgniter\CodeIgniter->runController(Object(App\Controllers\Admin))
#8 F:\WEB\XAMPP\htdocs\WebGis_sekolah\vendor\codeigniter4\framework\system\CodeIgniter.php(351): CodeIgniter\CodeIgniter->handleRequest(NULL, Object(Config\Cache), false)
#9 F:\WEB\XAMPP\htdocs\WebGis_sekolah\public\index.php(67): CodeIgniter\CodeIgniter->run()
#10 F:\WEB\XAMPP\htdocs\WebGis_sekolah\vendor\codeigniter4\framework\system\Commands\Server\rewrite.php(46): require_once('F:\\WEB\\XAMPP\\ht...')
#11 {main}
CRITICAL - 2022-11-19 09:17:44 --> Column 'coordinate' cannot be null
in SYSTEMPATH\Database\MySQLi\Connection.php on line 292.
 1 SYSTEMPATH\Database\MySQLi\Connection.php(292): mysqli->query('INSERT INTO `tbl_sekolah` (`nama_sekolah`, `alamat_sekolah`, `coordinate`, `id_provinsi`, `id_kabupaten`, `id_kecamatan`, `id_kelurahan`, `id_jenjang`, `id_akreditasi`, `status`, `foto_sekolah`) VALUES (\'sma 800\', \'jl.ngjgfdh\', NULL, \'63\', \'6311\', \'631108\', \'6311082010\', \'4\', \'4\', \'swasta\', \'1668871064_607d2caa47d2def0e753.jpg\')', 0)
 2 SYSTEMPATH\Database\BaseConnection.php(666): CodeIgniter\Database\MySQLi\Connection->execute('INSERT INTO `tbl_sekolah` (`nama_sekolah`, `alamat_sekolah`, `coordinate`, `id_provinsi`, `id_kabupaten`, `id_kecamatan`, `id_kelurahan`, `id_jenjang`, `id_akreditasi`, `status`, `foto_sekolah`) VALUES (\'sma 800\', \'jl.ngjgfdh\', NULL, \'63\', \'6311\', \'631108\', \'6311082010\', \'4\', \'4\', \'swasta\', \'1668871064_607d2caa47d2def0e753.jpg\')')
 3 SYSTEMPATH\Database\BaseConnection.php(593): CodeIgniter\Database\BaseConnection->simpleQuery('INSERT INTO `tbl_sekolah` (`nama_sekolah`, `alamat_sekolah`, `coordinate`, `id_provinsi`, `id_kabupaten`, `id_kecamatan`, `id_kelurahan`, `id_jenjang`, `id_akreditasi`, `status`, `foto_sekolah`) VALUES (\'sma 800\', \'jl.ngjgfdh\', NULL, \'63\', \'6311\', \'631108\', \'6311082010\', \'4\', \'4\', \'swasta\', \'1668871064_607d2caa47d2def0e753.jpg\')')
 4 SYSTEMPATH\Database\BaseBuilder.php(1916): CodeIgniter\Database\BaseConnection->query('INSERT INTO `tbl_sekolah` (`nama_sekolah`, `alamat_sekolah`, `coordinate`, `id_provinsi`, `id_kabupaten`, `id_kecamatan`, `id_kelurahan`, `id_jenjang`, `id_akreditasi`, `status`, `foto_sekolah`) VALUES (:nama_sekolah:, :alamat_sekolah:, :coordinate:, :id_provinsi:, :id_kabupaten:, :id_kecamatan:, :id_kelurahan:, :id_jenjang:, :id_akreditasi:, :status:, :foto_sekolah:)', [...], false)
 5 APPPATH\Models\ModelSekolah.php(37): CodeIgniter\Database\BaseBuilder->insert([...])
 6 APPPATH\Controllers\Admin.php(289): App\Models\ModelSekolah->addSekolah([...])
 7 SYSTEMPATH\CodeIgniter.php(927): App\Controllers\Admin->tambah_Sekolah()
 8 SYSTEMPATH\CodeIgniter.php(482): CodeIgniter\CodeIgniter->runController(Object(App\Controllers\Admin))
 9 SYSTEMPATH\CodeIgniter.php(351): CodeIgniter\CodeIgniter->handleRequest(null, Object(Config\Cache), false)
10 FCPATH\index.php(67): CodeIgniter\CodeIgniter->run()
11 SYSTEMPATH\Commands\Server\rewrite.php(46): require_once('FCPATH\\index.php')
ERROR - 2022-11-19 09:18:17 --> mysqli_sql_exception: Column 'coordinate' cannot be null in F:\WEB\XAMPP\htdocs\WebGis_sekolah\vendor\codeigniter4\framework\system\Database\MySQLi\Connection.php:292
Stack trace:
#0 F:\WEB\XAMPP\htdocs\WebGis_sekolah\vendor\codeigniter4\framework\system\Database\MySQLi\Connection.php(292): mysqli->query('INSERT INTO `tb...', 0)
#1 F:\WEB\XAMPP\htdocs\WebGis_sekolah\vendor\codeigniter4\framework\system\Database\BaseConnection.php(666): CodeIgniter\Database\MySQLi\Connection->execute('INSERT INTO `tb...')
#2 F:\WEB\XAMPP\htdocs\WebGis_sekolah\vendor\codeigniter4\framework\system\Database\BaseConnection.php(593): CodeIgniter\Database\BaseConnection->simpleQuery('INSERT INTO `tb...')
#3 F:\WEB\XAMPP\htdocs\WebGis_sekolah\vendor\codeigniter4\framework\system\Database\BaseBuilder.php(1916): CodeIgniter\Database\BaseConnection->query('INSERT INTO `tb...', Array, false)
#4 F:\WEB\XAMPP\htdocs\WebGis_sekolah\app\Models\ModelSekolah.php(37): CodeIgniter\Database\BaseBuilder->insert(Array)
#5 F:\WEB\XAMPP\htdocs\WebGis_sekolah\app\Controllers\Admin.php(289): App\Models\ModelSekolah->addSekolah(Array)
#6 F:\WEB\XAMPP\htdocs\WebGis_sekolah\vendor\codeigniter4\framework\system\CodeIgniter.php(927): App\Controllers\Admin->tambah_Sekolah()
#7 F:\WEB\XAMPP\htdocs\WebGis_sekolah\vendor\codeigniter4\framework\system\CodeIgniter.php(482): CodeIgniter\CodeIgniter->runController(Object(App\Controllers\Admin))
#8 F:\WEB\XAMPP\htdocs\WebGis_sekolah\vendor\codeigniter4\framework\system\CodeIgniter.php(351): CodeIgniter\CodeIgniter->handleRequest(NULL, Object(Config\Cache), false)
#9 F:\WEB\XAMPP\htdocs\WebGis_sekolah\public\index.php(67): CodeIgniter\CodeIgniter->run()
#10 F:\WEB\XAMPP\htdocs\WebGis_sekolah\vendor\codeigniter4\framework\system\Commands\Server\rewrite.php(46): require_once('F:\\WEB\\XAMPP\\ht...')
#11 {main}
CRITICAL - 2022-11-19 09:18:17 --> Column 'coordinate' cannot be null
in SYSTEMPATH\Database\MySQLi\Connection.php on line 292.
 1 SYSTEMPATH\Database\MySQLi\Connection.php(292): mysqli->query('INSERT INTO `tbl_sekolah` (`nama_sekolah`, `alamat_sekolah`, `coordinate`, `id_provinsi`, `id_kabupaten`, `id_kecamatan`, `id_kelurahan`, `id_jenjang`, `id_akreditasi`, `status`, `foto_sekolah`) VALUES (\'sma 800\', \'jl.ngjgfdh\', NULL, \'63\', \'6311\', \'631108\', \'6311082010\', \'4\', \'4\', \'swasta\', \'1668871097_93644be97a94c47b57a4.jpg\')', 0)
 2 SYSTEMPATH\Database\BaseConnection.php(666): CodeIgniter\Database\MySQLi\Connection->execute('INSERT INTO `tbl_sekolah` (`nama_sekolah`, `alamat_sekolah`, `coordinate`, `id_provinsi`, `id_kabupaten`, `id_kecamatan`, `id_kelurahan`, `id_jenjang`, `id_akreditasi`, `status`, `foto_sekolah`) VALUES (\'sma 800\', \'jl.ngjgfdh\', NULL, \'63\', \'6311\', \'631108\', \'6311082010\', \'4\', \'4\', \'swasta\', \'1668871097_93644be97a94c47b57a4.jpg\')')
 3 SYSTEMPATH\Database\BaseConnection.php(593): CodeIgniter\Database\BaseConnection->simpleQuery('INSERT INTO `tbl_sekolah` (`nama_sekolah`, `alamat_sekolah`, `coordinate`, `id_provinsi`, `id_kabupaten`, `id_kecamatan`, `id_kelurahan`, `id_jenjang`, `id_akreditasi`, `status`, `foto_sekolah`) VALUES (\'sma 800\', \'jl.ngjgfdh\', NULL, \'63\', \'6311\', \'631108\', \'6311082010\', \'4\', \'4\', \'swasta\', \'1668871097_93644be97a94c47b57a4.jpg\')')
 4 SYSTEMPATH\Database\BaseBuilder.php(1916): CodeIgniter\Database\BaseConnection->query('INSERT INTO `tbl_sekolah` (`nama_sekolah`, `alamat_sekolah`, `coordinate`, `id_provinsi`, `id_kabupaten`, `id_kecamatan`, `id_kelurahan`, `id_jenjang`, `id_akreditasi`, `status`, `foto_sekolah`) VALUES (:nama_sekolah:, :alamat_sekolah:, :coordinate:, :id_provinsi:, :id_kabupaten:, :id_kecamatan:, :id_kelurahan:, :id_jenjang:, :id_akreditasi:, :status:, :foto_sekolah:)', [...], false)
 5 APPPATH\Models\ModelSekolah.php(37): CodeIgniter\Database\BaseBuilder->insert([...])
 6 APPPATH\Controllers\Admin.php(289): App\Models\ModelSekolah->addSekolah([...])
 7 SYSTEMPATH\CodeIgniter.php(927): App\Controllers\Admin->tambah_Sekolah()
 8 SYSTEMPATH\CodeIgniter.php(482): CodeIgniter\CodeIgniter->runController(Object(App\Controllers\Admin))
 9 SYSTEMPATH\CodeIgniter.php(351): CodeIgniter\CodeIgniter->handleRequest(null, Object(Config\Cache), false)
10 FCPATH\index.php(67): CodeIgniter\CodeIgniter->run()
11 SYSTEMPATH\Commands\Server\rewrite.php(46): require_once('FCPATH\\index.php')
ERROR - 2022-11-19 09:19:16 --> mysqli_sql_exception: Column 'coordinate' cannot be null in F:\WEB\XAMPP\htdocs\WebGis_sekolah\vendor\codeigniter4\framework\system\Database\MySQLi\Connection.php:292
Stack trace:
#0 F:\WEB\XAMPP\htdocs\WebGis_sekolah\vendor\codeigniter4\framework\system\Database\MySQLi\Connection.php(292): mysqli->query('INSERT INTO `tb...', 0)
#1 F:\WEB\XAMPP\htdocs\WebGis_sekolah\vendor\codeigniter4\framework\system\Database\BaseConnection.php(666): CodeIgniter\Database\MySQLi\Connection->execute('INSERT INTO `tb...')
#2 F:\WEB\XAMPP\htdocs\WebGis_sekolah\vendor\codeigniter4\framework\system\Database\BaseConnection.php(593): CodeIgniter\Database\BaseConnection->simpleQuery('INSERT INTO `tb...')
#3 F:\WEB\XAMPP\htdocs\WebGis_sekolah\vendor\codeigniter4\framework\system\Database\BaseBuilder.php(1916): CodeIgniter\Database\BaseConnection->query('INSERT INTO `tb...', Array, false)
#4 F:\WEB\XAMPP\htdocs\WebGis_sekolah\app\Models\ModelSekolah.php(37): CodeIgniter\Database\BaseBuilder->insert(Array)
#5 F:\WEB\XAMPP\htdocs\WebGis_sekolah\app\Controllers\Admin.php(275): App\Models\ModelSekolah->addSekolah(Array)
#6 F:\WEB\XAMPP\htdocs\WebGis_sekolah\vendor\codeigniter4\framework\system\CodeIgniter.php(927): App\Controllers\Admin->tambah_Sekolah()
#7 F:\WEB\XAMPP\htdocs\WebGis_sekolah\vendor\codeigniter4\framework\system\CodeIgniter.php(482): CodeIgniter\CodeIgniter->runController(Object(App\Controllers\Admin))
#8 F:\WEB\XAMPP\htdocs\WebGis_sekolah\vendor\codeigniter4\framework\system\CodeIgniter.php(351): CodeIgniter\CodeIgniter->handleRequest(NULL, Object(Config\Cache), false)
#9 F:\WEB\XAMPP\htdocs\WebGis_sekolah\public\index.php(67): CodeIgniter\CodeIgniter->run()
#10 F:\WEB\XAMPP\htdocs\WebGis_sekolah\vendor\codeigniter4\framework\system\Commands\Server\rewrite.php(46): require_once('F:\\WEB\\XAMPP\\ht...')
#11 {main}
CRITICAL - 2022-11-19 09:19:16 --> Column 'coordinate' cannot be null
in SYSTEMPATH\Database\MySQLi\Connection.php on line 292.
 1 SYSTEMPATH\Database\MySQLi\Connection.php(292): mysqli->query('INSERT INTO `tbl_sekolah` (`nama_sekolah`, `alamat_sekolah`, `coordinate`, `id_provinsi`, `id_kabupaten`, `id_kecamatan`, `id_kelurahan`, `id_jenjang`, `id_akreditasi`, `status`, `foto_sekolah`) VALUES (\'sma 800\', \'jl.ngjgfdh\', NULL, \'63\', \'6311\', \'631108\', \'6311082010\', \'4\', \'4\', \'swasta\', \'1668871156_a8256997f0b986efddbd.jpg\')', 0)
 2 SYSTEMPATH\Database\BaseConnection.php(666): CodeIgniter\Database\MySQLi\Connection->execute('INSERT INTO `tbl_sekolah` (`nama_sekolah`, `alamat_sekolah`, `coordinate`, `id_provinsi`, `id_kabupaten`, `id_kecamatan`, `id_kelurahan`, `id_jenjang`, `id_akreditasi`, `status`, `foto_sekolah`) VALUES (\'sma 800\', \'jl.ngjgfdh\', NULL, \'63\', \'6311\', \'631108\', \'6311082010\', \'4\', \'4\', \'swasta\', \'1668871156_a8256997f0b986efddbd.jpg\')')
 3 SYSTEMPATH\Database\BaseConnection.php(593): CodeIgniter\Database\BaseConnection->simpleQuery('INSERT INTO `tbl_sekolah` (`nama_sekolah`, `alamat_sekolah`, `coordinate`, `id_provinsi`, `id_kabupaten`, `id_kecamatan`, `id_kelurahan`, `id_jenjang`, `id_akreditasi`, `status`, `foto_sekolah`) VALUES (\'sma 800\', \'jl.ngjgfdh\', NULL, \'63\', \'6311\', \'631108\', \'6311082010\', \'4\', \'4\', \'swasta\', \'1668871156_a8256997f0b986efddbd.jpg\')')
 4 SYSTEMPATH\Database\BaseBuilder.php(1916): CodeIgniter\Database\BaseConnection->query('INSERT INTO `tbl_sekolah` (`nama_sekolah`, `alamat_sekolah`, `coordinate`, `id_provinsi`, `id_kabupaten`, `id_kecamatan`, `id_kelurahan`, `id_jenjang`, `id_akreditasi`, `status`, `foto_sekolah`) VALUES (:nama_sekolah:, :alamat_sekolah:, :coordinate:, :id_provinsi:, :id_kabupaten:, :id_kecamatan:, :id_kelurahan:, :id_jenjang:, :id_akreditasi:, :status:, :foto_sekolah:)', [...], false)
 5 APPPATH\Models\ModelSekolah.php(37): CodeIgniter\Database\BaseBuilder->insert([...])
 6 APPPATH\Controllers\Admin.php(275): App\Models\ModelSekolah->addSekolah([...])
 7 SYSTEMPATH\CodeIgniter.php(927): App\Controllers\Admin->tambah_Sekolah()
 8 SYSTEMPATH\CodeIgniter.php(482): CodeIgniter\CodeIgniter->runController(Object(App\Controllers\Admin))
 9 SYSTEMPATH\CodeIgniter.php(351): CodeIgniter\CodeIgniter->handleRequest(null, Object(Config\Cache), false)
10 FCPATH\index.php(67): CodeIgniter\CodeIgniter->run()
11 SYSTEMPATH\Commands\Server\rewrite.php(46): require_once('FCPATH\\index.php')
ERROR - 2022-11-19 09:23:56 --> mysqli_sql_exception: Unknown column 'tbl_sekolah.akreditasi' in 'on clause' in F:\WEB\XAMPP\htdocs\WebGis_sekolah\vendor\codeigniter4\framework\system\Database\MySQLi\Connection.php:292
Stack trace:
#0 F:\WEB\XAMPP\htdocs\WebGis_sekolah\vendor\codeigniter4\framework\system\Database\MySQLi\Connection.php(292): mysqli->query('SELECT *\nFROM `...', 0)
#1 F:\WEB\XAMPP\htdocs\WebGis_sekolah\vendor\codeigniter4\framework\system\Database\BaseConnection.php(666): CodeIgniter\Database\MySQLi\Connection->execute('SELECT *\nFROM `...')
#2 F:\WEB\XAMPP\htdocs\WebGis_sekolah\vendor\codeigniter4\framework\system\Database\BaseConnection.php(593): CodeIgniter\Database\BaseConnection->simpleQuery('SELECT *\nFROM `...')
#3 F:\WEB\XAMPP\htdocs\WebGis_sekolah\vendor\codeigniter4\framework\system\Database\BaseBuilder.php(1585): CodeIgniter\Database\BaseConnection->query('SELECT *\nFROM `...', Array, false)
#4 F:\WEB\XAMPP\htdocs\WebGis_sekolah\app\Models\ModelSekolah.php(27): CodeIgniter\Database\BaseBuilder->get()
#5 F:\WEB\XAMPP\htdocs\WebGis_sekolah\app\Controllers\Admin.php(224): App\Models\ModelSekolah->callSekolah()
#6 F:\WEB\XAMPP\htdocs\WebGis_sekolah\vendor\codeigniter4\framework\system\CodeIgniter.php(927): App\Controllers\Admin->sekolah()
#7 F:\WEB\XAMPP\htdocs\WebGis_sekolah\vendor\codeigniter4\framework\system\CodeIgniter.php(482): CodeIgniter\CodeIgniter->runController(Object(App\Controllers\Admin))
#8 F:\WEB\XAMPP\htdocs\WebGis_sekolah\vendor\codeigniter4\framework\system\CodeIgniter.php(351): CodeIgniter\CodeIgniter->handleRequest(NULL, Object(Config\Cache), false)
#9 F:\WEB\XAMPP\htdocs\WebGis_sekolah\public\index.php(67): CodeIgniter\CodeIgniter->run()
#10 F:\WEB\XAMPP\htdocs\WebGis_sekolah\vendor\codeigniter4\framework\system\Commands\Server\rewrite.php(46): require_once('F:\\WEB\\XAMPP\\ht...')
#11 {main}
CRITICAL - 2022-11-19 09:23:56 --> Unknown column 'tbl_sekolah.akreditasi' in 'on clause'
in SYSTEMPATH\Database\MySQLi\Connection.php on line 292.
 1 SYSTEMPATH\Database\MySQLi\Connection.php(292): mysqli->query('SELECT *
FROM `tbl_sekolah`
JOIN `tbl_akreditasi` ON `tbl_akreditasi`.`id_akreditasi` = `tbl_sekolah`.`akreditasi`', 0)
 2 SYSTEMPATH\Database\BaseConnection.php(666): CodeIgniter\Database\MySQLi\Connection->execute('SELECT *
FROM `tbl_sekolah`
JOIN `tbl_akreditasi` ON `tbl_akreditasi`.`id_akreditasi` = `tbl_sekolah`.`akreditasi`')
 3 SYSTEMPATH\Database\BaseConnection.php(593): CodeIgniter\Database\BaseConnection->simpleQuery('SELECT *
FROM `tbl_sekolah`
JOIN `tbl_akreditasi` ON `tbl_akreditasi`.`id_akreditasi` = `tbl_sekolah`.`akreditasi`')
 4 SYSTEMPATH\Database\BaseBuilder.php(1585): CodeIgniter\Database\BaseConnection->query('SELECT *
FROM `tbl_sekolah`
JOIN `tbl_akreditasi` ON `tbl_akreditasi`.`id_akreditasi` = `tbl_sekolah`.`akreditasi`', [], false)
 5 APPPATH\Models\ModelSekolah.php(27): CodeIgniter\Database\BaseBuilder->get()
 6 APPPATH\Controllers\Admin.php(224): App\Models\ModelSekolah->callSekolah()
 7 SYSTEMPATH\CodeIgniter.php(927): App\Controllers\Admin->sekolah()
 8 SYSTEMPATH\CodeIgniter.php(482): CodeIgniter\CodeIgniter->runController(Object(App\Controllers\Admin))
 9 SYSTEMPATH\CodeIgniter.php(351): CodeIgniter\CodeIgniter->handleRequest(null, Object(Config\Cache), false)
10 FCPATH\index.php(67): CodeIgniter\CodeIgniter->run()
11 SYSTEMPATH\Commands\Server\rewrite.php(46): require_once('FCPATH\\index.php')
CRITICAL - 2022-11-19 12:15:03 --> Undefined variable $users
in APPPATH\Views\admin\pendingList.php on line 83.
 1 APPPATH\Views\admin\pendingList.php(83): CodeIgniter\Debug\Exceptions->errorHandler(2, 'Undefined variable $users', 'APPPATH\\Views\\admin\\pendingList.php', 83)
 2 SYSTEMPATH\View\View.php(213): include('APPPATH\\Views\\admin\\pendingList.php')
 3 SYSTEMPATH\View\View.php(216): CodeIgniter\View\View->CodeIgniter\View\{closure}()
 4 SYSTEMPATH\Common.php(1134): CodeIgniter\View\View->render('admin/pendingList', [], true)
 5 APPPATH\Controllers\Admin.php(56): view('admin/pendingList', [...])
 6 SYSTEMPATH\CodeIgniter.php(927): App\Controllers\Admin->pending()
 7 SYSTEMPATH\CodeIgniter.php(482): CodeIgniter\CodeIgniter->runController(Object(App\Controllers\Admin))
 8 SYSTEMPATH\CodeIgniter.php(351): CodeIgniter\CodeIgniter->handleRequest(null, Object(Config\Cache), false)
 9 FCPATH\index.php(67): CodeIgniter\CodeIgniter->run()
10 SYSTEMPATH\Commands\Server\rewrite.php(46): require_once('FCPATH\\index.php')
CRITICAL - 2022-11-19 23:43:35 --> Undefined variable $user
in APPPATH\Views\admin\sekolahData.php on line 72.
 1 APPPATH\Views\admin\sekolahData.php(72): CodeIgniter\Debug\Exceptions->errorHandler(2, 'Undefined variable $user', 'APPPATH\\Views\\admin\\sekolahData.php', 72)
 2 SYSTEMPATH\View\View.php(213): include('APPPATH\\Views\\admin\\sekolahData.php')
 3 SYSTEMPATH\View\View.php(216): CodeIgniter\View\View->CodeIgniter\View\{closure}()
 4 SYSTEMPATH\Common.php(1134): CodeIgniter\View\View->render('admin/sekolahData', [], true)
 5 APPPATH\Controllers\Admin.php(237): view('admin/sekolahData', [...])
 6 SYSTEMPATH\CodeIgniter.php(927): App\Controllers\Admin->sekolah()
 7 SYSTEMPATH\CodeIgniter.php(482): CodeIgniter\CodeIgniter->runController(Object(App\Controllers\Admin))
 8 SYSTEMPATH\CodeIgniter.php(351): CodeIgniter\CodeIgniter->handleRequest(null, Object(Config\Cache), false)
 9 FCPATH\index.php(67): CodeIgniter\CodeIgniter->run()
10 SYSTEMPATH\Commands\Server\rewrite.php(46): require_once('FCPATH\\index.php')
CRITICAL - 2022-11-19 23:43:40 --> Undefined variable $users
in APPPATH\Views\admin\sekolahData.php on line 72.
 1 APPPATH\Views\admin\sekolahData.php(72): CodeIgniter\Debug\Exceptions->errorHandler(2, 'Undefined variable $users', 'APPPATH\\Views\\admin\\sekolahData.php', 72)
 2 SYSTEMPATH\View\View.php(213): include('APPPATH\\Views\\admin\\sekolahData.php')
 3 SYSTEMPATH\View\View.php(216): CodeIgniter\View\View->CodeIgniter\View\{closure}()
 4 SYSTEMPATH\Common.php(1134): CodeIgniter\View\View->render('admin/sekolahData', [], true)
 5 APPPATH\Controllers\Admin.php(237): view('admin/sekolahData', [...])
 6 SYSTEMPATH\CodeIgniter.php(927): App\Controllers\Admin->sekolah()
 7 SYSTEMPATH\CodeIgniter.php(482): CodeIgniter\CodeIgniter->runController(Object(App\Controllers\Admin))
 8 SYSTEMPATH\CodeIgniter.php(351): CodeIgniter\CodeIgniter->handleRequest(null, Object(Config\Cache), false)
 9 FCPATH\index.php(67): CodeIgniter\CodeIgniter->run()
10 SYSTEMPATH\Commands\Server\rewrite.php(46): require_once('FCPATH\\index.php')
CRITICAL - 2022-11-19 23:43:45 --> Undefined variable $users
in APPPATH\Views\admin\sekolahData.php on line 72.
 1 APPPATH\Views\admin\sekolahData.php(72): CodeIgniter\Debug\Exceptions->errorHandler(2, 'Undefined variable $users', 'APPPATH\\Views\\admin\\sekolahData.php', 72)
 2 SYSTEMPATH\View\View.php(213): include('APPPATH\\Views\\admin\\sekolahData.php')
 3 SYSTEMPATH\View\View.php(216): CodeIgniter\View\View->CodeIgniter\View\{closure}()
 4 SYSTEMPATH\Common.php(1134): CodeIgniter\View\View->render('admin/sekolahData', [], true)
 5 APPPATH\Controllers\Admin.php(237): view('admin/sekolahData', [...])
 6 SYSTEMPATH\CodeIgniter.php(927): App\Controllers\Admin->sekolah()
 7 SYSTEMPATH\CodeIgniter.php(482): CodeIgniter\CodeIgniter->runController(Object(App\Controllers\Admin))
 8 SYSTEMPATH\CodeIgniter.php(351): CodeIgniter\CodeIgniter->handleRequest(null, Object(Config\Cache), false)
 9 FCPATH\index.php(67): CodeIgniter\CodeIgniter->run()
10 SYSTEMPATH\Commands\Server\rewrite.php(46): require_once('FCPATH\\index.php')
CRITICAL - 2022-11-19 23:43:46 --> Undefined variable $users
in APPPATH\Views\admin\sekolahData.php on line 72.
 1 APPPATH\Views\admin\sekolahData.php(72): CodeIgniter\Debug\Exceptions->errorHandler(2, 'Undefined variable $users', 'APPPATH\\Views\\admin\\sekolahData.php', 72)
 2 SYSTEMPATH\View\View.php(213): include('APPPATH\\Views\\admin\\sekolahData.php')
 3 SYSTEMPATH\View\View.php(216): CodeIgniter\View\View->CodeIgniter\View\{closure}()
 4 SYSTEMPATH\Common.php(1134): CodeIgniter\View\View->render('admin/sekolahData', [], true)
 5 APPPATH\Controllers\Admin.php(237): view('admin/sekolahData', [...])
 6 SYSTEMPATH\CodeIgniter.php(927): App\Controllers\Admin->sekolah()
 7 SYSTEMPATH\CodeIgniter.php(482): CodeIgniter\CodeIgniter->runController(Object(App\Controllers\Admin))
 8 SYSTEMPATH\CodeIgniter.php(351): CodeIgniter\CodeIgniter->handleRequest(null, Object(Config\Cache), false)
 9 FCPATH\index.php(67): CodeIgniter\CodeIgniter->run()
10 SYSTEMPATH\Commands\Server\rewrite.php(46): require_once('FCPATH\\index.php')
CRITICAL - 2022-11-19 23:43:47 --> Undefined variable $users
in APPPATH\Views\admin\sekolahData.php on line 72.
 1 APPPATH\Views\admin\sekolahData.php(72): CodeIgniter\Debug\Exceptions->errorHandler(2, 'Undefined variable $users', 'APPPATH\\Views\\admin\\sekolahData.php', 72)
 2 SYSTEMPATH\View\View.php(213): include('APPPATH\\Views\\admin\\sekolahData.php')
 3 SYSTEMPATH\View\View.php(216): CodeIgniter\View\View->CodeIgniter\View\{closure}()
 4 SYSTEMPATH\Common.php(1134): CodeIgniter\View\View->render('admin/sekolahData', [], true)
 5 APPPATH\Controllers\Admin.php(237): view('admin/sekolahData', [...])
 6 SYSTEMPATH\CodeIgniter.php(927): App\Controllers\Admin->sekolah()
 7 SYSTEMPATH\CodeIgniter.php(482): CodeIgniter\CodeIgniter->runController(Object(App\Controllers\Admin))
 8 SYSTEMPATH\CodeIgniter.php(351): CodeIgniter\CodeIgniter->handleRequest(null, Object(Config\Cache), false)
 9 FCPATH\index.php(67): CodeIgniter\CodeIgniter->run()
10 SYSTEMPATH\Commands\Server\rewrite.php(46): require_once('FCPATH\\index.php')
CRITICAL - 2022-11-19 23:43:48 --> Undefined variable $users
in APPPATH\Views\admin\sekolahData.php on line 72.
 1 APPPATH\Views\admin\sekolahData.php(72): CodeIgniter\Debug\Exceptions->errorHandler(2, 'Undefined variable $users', 'APPPATH\\Views\\admin\\sekolahData.php', 72)
 2 SYSTEMPATH\View\View.php(213): include('APPPATH\\Views\\admin\\sekolahData.php')
 3 SYSTEMPATH\View\View.php(216): CodeIgniter\View\View->CodeIgniter\View\{closure}()
 4 SYSTEMPATH\Common.php(1134): CodeIgniter\View\View->render('admin/sekolahData', [], true)
 5 APPPATH\Controllers\Admin.php(237): view('admin/sekolahData', [...])
 6 SYSTEMPATH\CodeIgniter.php(927): App\Controllers\Admin->sekolah()
 7 SYSTEMPATH\CodeIgniter.php(482): CodeIgniter\CodeIgniter->runController(Object(App\Controllers\Admin))
 8 SYSTEMPATH\CodeIgniter.php(351): CodeIgniter\CodeIgniter->handleRequest(null, Object(Config\Cache), false)
 9 FCPATH\index.php(67): CodeIgniter\CodeIgniter->run()
10 SYSTEMPATH\Commands\Server\rewrite.php(46): require_once('FCPATH\\index.php')
