CRITICAL - 2022-11-23 01:07:31 --> Undefined variable $users
in APPPATH\Views\admin\userManagement.php on line 83.
 1 APPPATH\Views\admin\userManagement.php(83): CodeIgniter\Debug\Exceptions->errorHandler(2, 'Undefined variable $users', 'APPPATH\\Views\\admin\\userManagement.php', 83)
 2 SYSTEMPATH\View\View.php(213): include('APPPATH\\Views\\admin\\userManagement.php')
 3 SYSTEMPATH\View\View.php(216): CodeIgniter\View\View->CodeIgniter\View\{closure}()
 4 SYSTEMPATH\Common.php(1134): CodeIgniter\View\View->render('admin/userManagement', [], true)
 5 APPPATH\Controllers\Admin.php(37): view('admin/userManagement', [...])
 6 SYSTEMPATH\CodeIgniter.php(927): App\Controllers\Admin->userManagement()
 7 SYSTEMPATH\CodeIgniter.php(482): CodeIgniter\CodeIgniter->runController(Object(App\Controllers\Admin))
 8 SYSTEMPATH\CodeIgniter.php(351): CodeIgniter\CodeIgniter->handleRequest(null, Object(Config\Cache), false)
 9 FCPATH\index.php(67): CodeIgniter\CodeIgniter->run()
10 SYSTEMPATH\Commands\Server\rewrite.php(46): require_once('FCPATH\\index.php')
CRITICAL - 2022-11-23 01:27:04 --> Undefined variable $S
in APPPATH\Views\admin\userManagement.php on line 140.
 1 APPPATH\Views\admin\userManagement.php(140): CodeIgniter\Debug\Exceptions->errorHandler(2, 'Undefined variable $S', 'APPPATH\\Views\\admin\\userManagement.php', 140)
 2 SYSTEMPATH\View\View.php(213): include('APPPATH\\Views\\admin\\userManagement.php')
 3 SYSTEMPATH\View\View.php(216): CodeIgniter\View\View->CodeIgniter\View\{closure}()
 4 SYSTEMPATH\Common.php(1134): CodeIgniter\View\View->render('admin/userManagement', [], true)
 5 APPPATH\Controllers\Admin.php(45): view('admin/userManagement', [...])
 6 SYSTEMPATH\CodeIgniter.php(927): App\Controllers\Admin->userManagement()
 7 SYSTEMPATH\CodeIgniter.php(482): CodeIgniter\CodeIgniter->runController(Object(App\Controllers\Admin))
 8 SYSTEMPATH\CodeIgniter.php(351): CodeIgniter\CodeIgniter->handleRequest(null, Object(Config\Cache), false)
 9 FCPATH\index.php(67): CodeIgniter\CodeIgniter->run()
10 SYSTEMPATH\Commands\Server\rewrite.php(46): require_once('FCPATH\\index.php')
CRITICAL - 2022-11-23 01:27:14 --> Undefined variable $S
in APPPATH\Views\admin\userManagement.php on line 140.
 1 APPPATH\Views\admin\userManagement.php(140): CodeIgniter\Debug\Exceptions->errorHandler(2, 'Undefined variable $S', 'APPPATH\\Views\\admin\\userManagement.php', 140)
 2 SYSTEMPATH\View\View.php(213): include('APPPATH\\Views\\admin\\userManagement.php')
 3 SYSTEMPATH\View\View.php(216): CodeIgniter\View\View->CodeIgniter\View\{closure}()
 4 SYSTEMPATH\Common.php(1134): CodeIgniter\View\View->render('admin/userManagement', [], true)
 5 APPPATH\Controllers\Admin.php(45): view('admin/userManagement', [...])
 6 SYSTEMPATH\CodeIgniter.php(927): App\Controllers\Admin->userManagement()
 7 SYSTEMPATH\CodeIgniter.php(482): CodeIgniter\CodeIgniter->runController(Object(App\Controllers\Admin))
 8 SYSTEMPATH\CodeIgniter.php(351): CodeIgniter\CodeIgniter->handleRequest(null, Object(Config\Cache), false)
 9 FCPATH\index.php(67): CodeIgniter\CodeIgniter->run()
10 SYSTEMPATH\Commands\Server\rewrite.php(46): require_once('FCPATH\\index.php')
CRITICAL - 2022-11-23 01:42:20 --> Invalid file: user/userList.php
in SYSTEMPATH\Exceptions\FrameworkException.php on line 33.
 1 SYSTEMPATH\View\View.php(201): CodeIgniter\Exceptions\FrameworkException::forInvalidFile('user/userList.php')
 2 SYSTEMPATH\Common.php(1134): CodeIgniter\View\View->render('user/userList', [], true)
 3 APPPATH\Controllers\User.php(67): view('user/userList', [...])
 4 SYSTEMPATH\CodeIgniter.php(927): App\Controllers\User->list()
 5 SYSTEMPATH\CodeIgniter.php(482): CodeIgniter\CodeIgniter->runController(Object(App\Controllers\User))
 6 SYSTEMPATH\CodeIgniter.php(351): CodeIgniter\CodeIgniter->handleRequest(null, Object(Config\Cache), false)
 7 FCPATH\index.php(67): CodeIgniter\CodeIgniter->run()
 8 SYSTEMPATH\Commands\Server\rewrite.php(46): require_once('FCPATH\\index.php')
CRITICAL - 2022-11-23 02:42:29 --> syntax error, unexpected single-quoted string "p", expecting "]"
in APPPATH\Controllers\MyProfile.php on line 51.
 1 SYSTEMPATH\Router\Router.php(499): CodeIgniter\Router\AutoRouter->getRoute('MyProfile')
 2 SYSTEMPATH\Router\Router.php(205): CodeIgniter\Router\Router->autoRoute('MyProfile')
 3 SYSTEMPATH\CodeIgniter.php(802): CodeIgniter\Router\Router->handle('MyProfile')
 4 SYSTEMPATH\CodeIgniter.php(430): CodeIgniter\CodeIgniter->tryToRouteIt(Object(CodeIgniter\Router\RouteCollection))
 5 SYSTEMPATH\CodeIgniter.php(351): CodeIgniter\CodeIgniter->handleRequest(null, Object(Config\Cache), false)
 6 FCPATH\index.php(67): CodeIgniter\CodeIgniter->run()
 7 SYSTEMPATH\Commands\Server\rewrite.php(46): require_once('FCPATH\\index.php')
CRITICAL - 2022-11-23 03:22:00 --> Undefined variable $validation
in APPPATH\Views\page\myProfile.php on line 142.
 1 APPPATH\Views\page\myProfile.php(142): CodeIgniter\Debug\Exceptions->errorHandler(2, 'Undefined variable $validation', 'APPPATH\\Views\\page\\myProfile.php', 142)
 2 SYSTEMPATH\View\View.php(213): include('APPPATH\\Views\\page\\myProfile.php')
 3 SYSTEMPATH\View\View.php(216): CodeIgniter\View\View->CodeIgniter\View\{closure}()
 4 SYSTEMPATH\Common.php(1134): CodeIgniter\View\View->render('page/myProfile', [], true)
 5 APPPATH\Controllers\MyProfile.php(29): view('page/myProfile', [...])
 6 SYSTEMPATH\CodeIgniter.php(927): App\Controllers\MyProfile->index()
 7 SYSTEMPATH\CodeIgniter.php(482): CodeIgniter\CodeIgniter->runController(Object(App\Controllers\MyProfile))
 8 SYSTEMPATH\CodeIgniter.php(351): CodeIgniter\CodeIgniter->handleRequest(null, Object(Config\Cache), false)
 9 FCPATH\index.php(67): CodeIgniter\CodeIgniter->run()
10 SYSTEMPATH\Commands\Server\rewrite.php(46): require_once('FCPATH\\index.php')
CRITICAL - 2022-11-23 03:31:02 --> Constant expression contains invalid operations
in APPPATH\Controllers\MyProfile.php on line 13.
 1 [internal function]: CodeIgniter\Debug\Exceptions->shutdownHandler()
CRITICAL - 2022-11-23 03:31:29 --> Undefined variable $validation
in APPPATH\Views\page\myProfile.php on line 142.
 1 APPPATH\Views\page\myProfile.php(142): CodeIgniter\Debug\Exceptions->errorHandler(2, 'Undefined variable $validation', 'APPPATH\\Views\\page\\myProfile.php', 142)
 2 SYSTEMPATH\View\View.php(213): include('APPPATH\\Views\\page\\myProfile.php')
 3 SYSTEMPATH\View\View.php(216): CodeIgniter\View\View->CodeIgniter\View\{closure}()
 4 SYSTEMPATH\Common.php(1134): CodeIgniter\View\View->render('page/myProfile', [], true)
 5 APPPATH\Controllers\MyProfile.php(33): view('page/myProfile', [...])
 6 SYSTEMPATH\CodeIgniter.php(927): App\Controllers\MyProfile->index()
 7 SYSTEMPATH\CodeIgniter.php(482): CodeIgniter\CodeIgniter->runController(Object(App\Controllers\MyProfile))
 8 SYSTEMPATH\CodeIgniter.php(351): CodeIgniter\CodeIgniter->handleRequest(null, Object(Config\Cache), false)
 9 FCPATH\index.php(67): CodeIgniter\CodeIgniter->run()
10 SYSTEMPATH\Commands\Server\rewrite.php(46): require_once('FCPATH\\index.php')
CRITICAL - 2022-11-23 03:32:40 --> Undefined variable $Validation
in APPPATH\Views\page\myProfile.php on line 142.
 1 APPPATH\Views\page\myProfile.php(142): CodeIgniter\Debug\Exceptions->errorHandler(2, 'Undefined variable $Validation', 'APPPATH\\Views\\page\\myProfile.php', 142)
 2 SYSTEMPATH\View\View.php(213): include('APPPATH\\Views\\page\\myProfile.php')
 3 SYSTEMPATH\View\View.php(216): CodeIgniter\View\View->CodeIgniter\View\{closure}()
 4 SYSTEMPATH\Common.php(1134): CodeIgniter\View\View->render('page/myProfile', [], true)
 5 APPPATH\Controllers\MyProfile.php(33): view('page/myProfile', [...])
 6 SYSTEMPATH\CodeIgniter.php(927): App\Controllers\MyProfile->index()
 7 SYSTEMPATH\CodeIgniter.php(482): CodeIgniter\CodeIgniter->runController(Object(App\Controllers\MyProfile))
 8 SYSTEMPATH\CodeIgniter.php(351): CodeIgniter\CodeIgniter->handleRequest(null, Object(Config\Cache), false)
 9 FCPATH\index.php(67): CodeIgniter\CodeIgniter->run()
10 SYSTEMPATH\Commands\Server\rewrite.php(46): require_once('FCPATH\\index.php')
CRITICAL - 2022-11-23 03:32:41 --> Undefined variable $Validation
in APPPATH\Views\page\myProfile.php on line 142.
 1 APPPATH\Views\page\myProfile.php(142): CodeIgniter\Debug\Exceptions->errorHandler(2, 'Undefined variable $Validation', 'APPPATH\\Views\\page\\myProfile.php', 142)
 2 SYSTEMPATH\View\View.php(213): include('APPPATH\\Views\\page\\myProfile.php')
 3 SYSTEMPATH\View\View.php(216): CodeIgniter\View\View->CodeIgniter\View\{closure}()
 4 SYSTEMPATH\Common.php(1134): CodeIgniter\View\View->render('page/myProfile', [], true)
 5 APPPATH\Controllers\MyProfile.php(33): view('page/myProfile', [...])
 6 SYSTEMPATH\CodeIgniter.php(927): App\Controllers\MyProfile->index()
 7 SYSTEMPATH\CodeIgniter.php(482): CodeIgniter\CodeIgniter->runController(Object(App\Controllers\MyProfile))
 8 SYSTEMPATH\CodeIgniter.php(351): CodeIgniter\CodeIgniter->handleRequest(null, Object(Config\Cache), false)
 9 FCPATH\index.php(67): CodeIgniter\CodeIgniter->run()
10 SYSTEMPATH\Commands\Server\rewrite.php(46): require_once('FCPATH\\index.php')
CRITICAL - 2022-11-23 03:33:12 --> Undefined variable $Validation
in APPPATH\Views\page\myProfile.php on line 142.
 1 APPPATH\Views\page\myProfile.php(142): CodeIgniter\Debug\Exceptions->errorHandler(2, 'Undefined variable $Validation', 'APPPATH\\Views\\page\\myProfile.php', 142)
 2 SYSTEMPATH\View\View.php(213): include('APPPATH\\Views\\page\\myProfile.php')
 3 SYSTEMPATH\View\View.php(216): CodeIgniter\View\View->CodeIgniter\View\{closure}()
 4 SYSTEMPATH\Common.php(1134): CodeIgniter\View\View->render('page/myProfile', [], true)
 5 APPPATH\Controllers\MyProfile.php(32): view('page/myProfile', [...])
 6 SYSTEMPATH\CodeIgniter.php(927): App\Controllers\MyProfile->index()
 7 SYSTEMPATH\CodeIgniter.php(482): CodeIgniter\CodeIgniter->runController(Object(App\Controllers\MyProfile))
 8 SYSTEMPATH\CodeIgniter.php(351): CodeIgniter\CodeIgniter->handleRequest(null, Object(Config\Cache), false)
 9 FCPATH\index.php(67): CodeIgniter\CodeIgniter->run()
10 SYSTEMPATH\Commands\Server\rewrite.php(46): require_once('FCPATH\\index.php')
CRITICAL - 2022-11-23 03:33:57 --> Undefined variable $Validation
in APPPATH\Views\page\myProfile.php on line 142.
 1 APPPATH\Views\page\myProfile.php(142): CodeIgniter\Debug\Exceptions->errorHandler(2, 'Undefined variable $Validation', 'APPPATH\\Views\\page\\myProfile.php', 142)
 2 SYSTEMPATH\View\View.php(213): include('APPPATH\\Views\\page\\myProfile.php')
 3 SYSTEMPATH\View\View.php(216): CodeIgniter\View\View->CodeIgniter\View\{closure}()
 4 SYSTEMPATH\Common.php(1134): CodeIgniter\View\View->render('page/myProfile', [], true)
 5 APPPATH\Controllers\MyProfile.php(31): view('page/myProfile', [...])
 6 SYSTEMPATH\CodeIgniter.php(927): App\Controllers\MyProfile->index()
 7 SYSTEMPATH\CodeIgniter.php(482): CodeIgniter\CodeIgniter->runController(Object(App\Controllers\MyProfile))
 8 SYSTEMPATH\CodeIgniter.php(351): CodeIgniter\CodeIgniter->handleRequest(null, Object(Config\Cache), false)
 9 FCPATH\index.php(67): CodeIgniter\CodeIgniter->run()
10 SYSTEMPATH\Commands\Server\rewrite.php(46): require_once('FCPATH\\index.php')
CRITICAL - 2022-11-23 03:39:35 --> Undefined variable $Validation
in APPPATH\Views\page\myProfile.php on line 142.
 1 APPPATH\Views\page\myProfile.php(142): CodeIgniter\Debug\Exceptions->errorHandler(2, 'Undefined variable $Validation', 'APPPATH\\Views\\page\\myProfile.php', 142)
 2 SYSTEMPATH\View\View.php(213): include('APPPATH\\Views\\page\\myProfile.php')
 3 SYSTEMPATH\View\View.php(216): CodeIgniter\View\View->CodeIgniter\View\{closure}()
 4 SYSTEMPATH\Common.php(1134): CodeIgniter\View\View->render('page/myProfile', [], true)
 5 APPPATH\Controllers\MyProfile.php(31): view('page/myProfile', [...])
 6 SYSTEMPATH\CodeIgniter.php(927): App\Controllers\MyProfile->index()
 7 SYSTEMPATH\CodeIgniter.php(482): CodeIgniter\CodeIgniter->runController(Object(App\Controllers\MyProfile))
 8 SYSTEMPATH\CodeIgniter.php(351): CodeIgniter\CodeIgniter->handleRequest(null, Object(Config\Cache), false)
 9 FCPATH\index.php(67): CodeIgniter\CodeIgniter->run()
10 SYSTEMPATH\Commands\Server\rewrite.php(46): require_once('FCPATH\\index.php')
CRITICAL - 2022-11-23 04:00:29 --> Undefined variable $Validation
in APPPATH\Views\page\myProfile.php on line 142.
 1 APPPATH\Views\page\myProfile.php(142): CodeIgniter\Debug\Exceptions->errorHandler(2, 'Undefined variable $Validation', 'APPPATH\\Views\\page\\myProfile.php', 142)
 2 SYSTEMPATH\View\View.php(213): include('APPPATH\\Views\\page\\myProfile.php')
 3 SYSTEMPATH\View\View.php(216): CodeIgniter\View\View->CodeIgniter\View\{closure}()
 4 SYSTEMPATH\Common.php(1134): CodeIgniter\View\View->render('page/myProfile', [], true)
 5 APPPATH\Controllers\MyProfile.php(31): view('page/myProfile', [...])
 6 SYSTEMPATH\CodeIgniter.php(927): App\Controllers\MyProfile->index()
 7 SYSTEMPATH\CodeIgniter.php(482): CodeIgniter\CodeIgniter->runController(Object(App\Controllers\MyProfile))
 8 SYSTEMPATH\CodeIgniter.php(351): CodeIgniter\CodeIgniter->handleRequest(null, Object(Config\Cache), false)
 9 FCPATH\index.php(67): CodeIgniter\CodeIgniter->run()
10 SYSTEMPATH\Commands\Server\rewrite.php(46): require_once('FCPATH\\index.php')
CRITICAL - 2022-11-23 04:09:02 --> Undefined variable $Validation
in APPPATH\Views\page\myProfile.php on line 142.
 1 APPPATH\Views\page\myProfile.php(142): CodeIgniter\Debug\Exceptions->errorHandler(2, 'Undefined variable $Validation', 'APPPATH\\Views\\page\\myProfile.php', 142)
 2 SYSTEMPATH\View\View.php(213): include('APPPATH\\Views\\page\\myProfile.php')
 3 SYSTEMPATH\View\View.php(216): CodeIgniter\View\View->CodeIgniter\View\{closure}()
 4 SYSTEMPATH\Common.php(1134): CodeIgniter\View\View->render('page/myProfile', [], true)
 5 APPPATH\Controllers\MyProfile.php(31): view('page/myProfile', [...])
 6 SYSTEMPATH\CodeIgniter.php(927): App\Controllers\MyProfile->index()
 7 SYSTEMPATH\CodeIgniter.php(482): CodeIgniter\CodeIgniter->runController(Object(App\Controllers\MyProfile))
 8 SYSTEMPATH\CodeIgniter.php(351): CodeIgniter\CodeIgniter->handleRequest(null, Object(Config\Cache), false)
 9 FCPATH\index.php(67): CodeIgniter\CodeIgniter->run()
10 SYSTEMPATH\Commands\Server\rewrite.php(46): require_once('FCPATH\\index.php')
CRITICAL - 2022-11-23 04:09:39 --> Undefined variable $Validation
in APPPATH\Views\page\myProfile.php on line 145.
 1 APPPATH\Views\page\myProfile.php(145): CodeIgniter\Debug\Exceptions->errorHandler(2, 'Undefined variable $Validation', 'APPPATH\\Views\\page\\myProfile.php', 145)
 2 SYSTEMPATH\View\View.php(213): include('APPPATH\\Views\\page\\myProfile.php')
 3 SYSTEMPATH\View\View.php(216): CodeIgniter\View\View->CodeIgniter\View\{closure}()
 4 SYSTEMPATH\Common.php(1134): CodeIgniter\View\View->render('page/myProfile', [], true)
 5 APPPATH\Controllers\MyProfile.php(31): view('page/myProfile', [...])
 6 SYSTEMPATH\CodeIgniter.php(927): App\Controllers\MyProfile->index()
 7 SYSTEMPATH\CodeIgniter.php(482): CodeIgniter\CodeIgniter->runController(Object(App\Controllers\MyProfile))
 8 SYSTEMPATH\CodeIgniter.php(351): CodeIgniter\CodeIgniter->handleRequest(null, Object(Config\Cache), false)
 9 FCPATH\index.php(67): CodeIgniter\CodeIgniter->run()
10 SYSTEMPATH\Commands\Server\rewrite.php(46): require_once('FCPATH\\index.php')
CRITICAL - 2022-11-23 04:09:40 --> Undefined variable $Validation
in APPPATH\Views\page\myProfile.php on line 145.
 1 APPPATH\Views\page\myProfile.php(145): CodeIgniter\Debug\Exceptions->errorHandler(2, 'Undefined variable $Validation', 'APPPATH\\Views\\page\\myProfile.php', 145)
 2 SYSTEMPATH\View\View.php(213): include('APPPATH\\Views\\page\\myProfile.php')
 3 SYSTEMPATH\View\View.php(216): CodeIgniter\View\View->CodeIgniter\View\{closure}()
 4 SYSTEMPATH\Common.php(1134): CodeIgniter\View\View->render('page/myProfile', [], true)
 5 APPPATH\Controllers\MyProfile.php(31): view('page/myProfile', [...])
 6 SYSTEMPATH\CodeIgniter.php(927): App\Controllers\MyProfile->index()
 7 SYSTEMPATH\CodeIgniter.php(482): CodeIgniter\CodeIgniter->runController(Object(App\Controllers\MyProfile))
 8 SYSTEMPATH\CodeIgniter.php(351): CodeIgniter\CodeIgniter->handleRequest(null, Object(Config\Cache), false)
 9 FCPATH\index.php(67): CodeIgniter\CodeIgniter->run()
10 SYSTEMPATH\Commands\Server\rewrite.php(46): require_once('FCPATH\\index.php')
CRITICAL - 2022-11-23 04:09:41 --> Undefined variable $Validation
in APPPATH\Views\page\myProfile.php on line 145.
 1 APPPATH\Views\page\myProfile.php(145): CodeIgniter\Debug\Exceptions->errorHandler(2, 'Undefined variable $Validation', 'APPPATH\\Views\\page\\myProfile.php', 145)
 2 SYSTEMPATH\View\View.php(213): include('APPPATH\\Views\\page\\myProfile.php')
 3 SYSTEMPATH\View\View.php(216): CodeIgniter\View\View->CodeIgniter\View\{closure}()
 4 SYSTEMPATH\Common.php(1134): CodeIgniter\View\View->render('page/myProfile', [], true)
 5 APPPATH\Controllers\MyProfile.php(31): view('page/myProfile', [...])
 6 SYSTEMPATH\CodeIgniter.php(927): App\Controllers\MyProfile->index()
 7 SYSTEMPATH\CodeIgniter.php(482): CodeIgniter\CodeIgniter->runController(Object(App\Controllers\MyProfile))
 8 SYSTEMPATH\CodeIgniter.php(351): CodeIgniter\CodeIgniter->handleRequest(null, Object(Config\Cache), false)
 9 FCPATH\index.php(67): CodeIgniter\CodeIgniter->run()
10 SYSTEMPATH\Commands\Server\rewrite.php(46): require_once('FCPATH\\index.php')
CRITICAL - 2022-11-23 04:09:41 --> Undefined variable $Validation
in APPPATH\Views\page\myProfile.php on line 145.
 1 APPPATH\Views\page\myProfile.php(145): CodeIgniter\Debug\Exceptions->errorHandler(2, 'Undefined variable $Validation', 'APPPATH\\Views\\page\\myProfile.php', 145)
 2 SYSTEMPATH\View\View.php(213): include('APPPATH\\Views\\page\\myProfile.php')
 3 SYSTEMPATH\View\View.php(216): CodeIgniter\View\View->CodeIgniter\View\{closure}()
 4 SYSTEMPATH\Common.php(1134): CodeIgniter\View\View->render('page/myProfile', [], true)
 5 APPPATH\Controllers\MyProfile.php(31): view('page/myProfile', [...])
 6 SYSTEMPATH\CodeIgniter.php(927): App\Controllers\MyProfile->index()
 7 SYSTEMPATH\CodeIgniter.php(482): CodeIgniter\CodeIgniter->runController(Object(App\Controllers\MyProfile))
 8 SYSTEMPATH\CodeIgniter.php(351): CodeIgniter\CodeIgniter->handleRequest(null, Object(Config\Cache), false)
 9 FCPATH\index.php(67): CodeIgniter\CodeIgniter->run()
10 SYSTEMPATH\Commands\Server\rewrite.php(46): require_once('FCPATH\\index.php')
CRITICAL - 2022-11-23 04:13:44 --> Undefined property: CodeIgniter\HTTP\Response::$redirect
in APPPATH\Controllers\MyProfile.php on line 87.
 1 APPPATH\Controllers\MyProfile.php(87): CodeIgniter\Debug\Exceptions->errorHandler(2, 'Undefined property: CodeIgniter\\HTTP\\Response::$redirect', 'APPPATH\\Controllers\\MyProfile.php', 87)
 2 SYSTEMPATH\CodeIgniter.php(927): App\Controllers\MyProfile->UpdatePassword()
 3 SYSTEMPATH\CodeIgniter.php(482): CodeIgniter\CodeIgniter->runController(Object(App\Controllers\MyProfile))
 4 SYSTEMPATH\CodeIgniter.php(351): CodeIgniter\CodeIgniter->handleRequest(null, Object(Config\Cache), false)
 5 FCPATH\index.php(67): CodeIgniter\CodeIgniter->run()
 6 SYSTEMPATH\Commands\Server\rewrite.php(46): require_once('FCPATH\\index.php')
