CRITICAL - 2022-11-18 04:22:28 --> unlink(img/sekolah/1668357003_a117a38b88689c319c89.jpg): No such file or directory
in APPPATH\Controllers\Admin.php on line 266.
 1 [internal function]: CodeIgniter\Debug\Exceptions->errorHandler(2, 'unlink(img/sekolah/1668357003_a117a38b88689c319c89.jpg): No such file or directory', 'APPPATH\\Controllers\\Admin.php', 266)
 2 APPPATH\Controllers\Admin.php(266): unlink('img/sekolah/1668357003_a117a38b88689c319c89.jpg')
 3 SYSTEMPATH\CodeIgniter.php(927): App\Controllers\Admin->delete_Sekolah('6')
 4 SYSTEMPATH\CodeIgniter.php(482): CodeIgniter\CodeIgniter->runController(Object(App\Controllers\Admin))
 5 SYSTEMPATH\CodeIgniter.php(351): CodeIgniter\CodeIgniter->handleRequest(null, Object(Config\Cache), false)
 6 FCPATH\index.php(67): CodeIgniter\CodeIgniter->run()
 7 SYSTEMPATH\Commands\Server\rewrite.php(46): require_once('FCPATH\\index.php')
CRITICAL - 2022-11-18 09:47:39 --> Undefined variable $users
in APPPATH\Views\page\userList.php on line 83.
 1 APPPATH\Views\page\userList.php(83): CodeIgniter\Debug\Exceptions->errorHandler(2, 'Undefined variable $users', 'APPPATH\\Views\\page\\userList.php', 83)
 2 SYSTEMPATH\View\View.php(213): include('APPPATH\\Views\\page\\userList.php')
 3 SYSTEMPATH\View\View.php(216): CodeIgniter\View\View->CodeIgniter\View\{closure}()
 4 SYSTEMPATH\Common.php(1134): CodeIgniter\View\View->render('page/userList', [], true)
 5 APPPATH\Controllers\Admin.php(46): view('page/userList', [...])
 6 SYSTEMPATH\CodeIgniter.php(927): App\Controllers\Admin->userList()
 7 SYSTEMPATH\CodeIgniter.php(482): CodeIgniter\CodeIgniter->runController(Object(App\Controllers\Admin))
 8 SYSTEMPATH\CodeIgniter.php(351): CodeIgniter\CodeIgniter->handleRequest(null, Object(Config\Cache), false)
 9 FCPATH\index.php(67): CodeIgniter\CodeIgniter->run()
10 SYSTEMPATH\Commands\Server\rewrite.php(46): require_once('FCPATH\\index.php')
